<?xml version="1.0" encoding="UTF-8"?>
<!-- Generated by org.testng.reporters.JUnitXMLReporter -->
<testsuite hostname="Rupeshs-MacBook-Pro.local" ignored="0" name="testTwo" tests="3" failures="1" timestamp="06 Feb 2017 10:50:58 GMT" time="34.796" errors="0">
  <testcase name="searchProduct" time="12.418" classname="com.test.flipkart.SearchProduct">
    <skipped/>
  </testcase> <!-- searchProduct -->
  <testcase name="loginTest" time="12.149" classname="com.test.flipkart.LoginTest"/>
  <testcase name="searchProduct" time="9.429" classname="com.test.flipkart.SearchProduct">
    <failure type="java.lang.RuntimeException" message="Unable to perform click action on element[[FirefoxDriver: firefox on MAC (e3e70157-27e3-7a42-bf24-bfc05bd06304)] -&amp;gt; css selector: #nav-search-submit-text]">
      <![CDATA[java.lang.RuntimeException: Unable to perform click action on element[[FirefoxDriver: firefox on MAC (e3e70157-27e3-7a42-bf24-bfc05bd06304)] -> css selector: #nav-search-submit-text]
	at com.test.accelarators.ActionEngine.click(ActionEngine.java:110)
	at com.test.libs.AppLogin.searchItem(AppLogin.java:27)
	at com.test.flipkart.SearchProduct.searchProduct(SearchProduct.java:14)
	at java.util.concurrent.ThreadPoolExecutor.runWorker(ThreadPoolExecutor.java:1142)
	at java.util.concurrent.ThreadPoolExecutor$Worker.run(ThreadPoolExecutor.java:617)
	at java.lang.Thread.run(Thread.java:745)
... Removed 10 stack frames]]>
    </failure>
  </testcase> <!-- searchProduct -->
</testsuite> <!-- testTwo -->
